<?xml version="1.0" encoding="UTF-8"?>
<!-- Generated by org.testng.reporters.JUnitXMLReporter -->
<testsuite ignored="0" hostname="Veena-Manjunath" failures="0" tests="3" name="Test-1" time="125.927" errors="0" timestamp="2024-11-28T17:56:38 IST">
  <testcase classname="com.comCast.crm.orgtest.CreateOrganizationTest" name="createOrgWithIndustry" time="28.918"/>
  <testcase classname="com.comCast.crm.orgtest.CreateOrganizationTest" name="createOrgWithPhnumber" time="18.639"/>
  <testcase classname="com.comCast.crm.orgtest.CreateOrganizationTest" name="createOrganazationTest" time="16.801"/>
</testsuite> <!-- Test-1 -->
