<?xml version="1.0" encoding="UTF-8"?>
<!-- Generated by org.testng.reporters.JUnitXMLReporter -->
<testsuite ignored="0" hostname="Veena-Manjunath" failures="0" tests="4" name="Test-3" time="143.448" errors="0" timestamp="2024-11-28T17:56:56 IST">
  <testcase classname="com.comCast.crm.documentstest.testscripts" name="craeteleads" time="30.166"/>
  <testcase classname="com.comCast.crm.documentstest.testscripts" name="createdocuments" time="18.593"/>
  <testcase classname="com.comCast.crm.documentstest.testscripts" name="createproduct" time="17.689"/>
  <testcase classname="com.comCast.crm.documentstest.testscripts" name="createvendor" time="13.066"/>
</testsuite> <!-- Test-3 -->
