<?xml version="1.0" encoding="UTF-8"?>
<!-- Generated by org.testng.reporters.JUnitXMLReporter -->
<testsuite ignored="0" hostname="Veena-Manjunath" failures="0" tests="3" name="Test-2" time="147.521" errors="0" timestamp="2024-11-28T17:57:00 IST">
  <testcase classname="com.comCast.crm.contacttest.CreateContactPractiseTest" name="createContactWithOrg" time="62.212"/>
  <testcase classname="com.comCast.crm.contacttest.CreateContactPractiseTest" name="createContactWithSupportDate" time="23.318"/>
  <testcase classname="com.comCast.crm.contacttest.CreateContactPractiseTest" name="createcontactTest" time="13.265"/>
</testsuite> <!-- Test-2 -->
