<?xml version="1.0" encoding="UTF-8"?>
<!-- Generated by org.testng.reporters.JUnitReportReporter -->
<testsuite hostname="Veena-Manjunath" failures="0" tests="2" name="com.crm.comcast.orgTest.createOrgTest" time="0.022" errors="0" timestamp="2024-11-26T12:53:57 IST" skipped="0">
  <testcase classname="com.crm.comcast.orgTest.createOrgTest" name="createorgWithIndustry" time="0.008"/>
  <testcase classname="com.crm.comcast.orgTest.createOrgTest" name="craeteOrgTest" time="0.014"/>
</testsuite> <!-- com.crm.comcast.orgTest.createOrgTest -->
