<?xml version="1.0" encoding="UTF-8"?>
<!-- Generated by org.testng.reporters.JUnitReportReporter -->
<testsuite hostname="Veena-Manjunath" failures="0" tests="1" name="practiseTest.test" time="0.016" errors="0" timestamp="2024-11-25T17:09:44 IST" skipped="0">
  <testcase classname="practiseTest.test" name="test1" time="0.016"/>
</testsuite> <!-- practiseTest.test -->
