<?xml version="1.0" encoding="UTF-8"?>
<!-- Generated by org.testng.reporters.JUnitReportReporter -->
<testsuite hostname="Veena-Manjunath" failures="0" tests="2" name="com.comCast.crm.Leadstest.PracticeTest" time="20.650" errors="0" timestamp="2024-11-29T15:43:02 IST" skipped="0">
  <testcase classname="com.comCast.crm.Leadstest.PracticeTest" name="demo" time="10.983"/>
  <testcase classname="com.comCast.crm.Leadstest.PracticeTest" name="prctice" time="9.667"/>
</testsuite> <!-- com.comCast.crm.Leadstest.PracticeTest -->
