<?xml version="1.0" encoding="UTF-8"?>
<!-- Generated by org.testng.reporters.JUnitReportReporter -->
<testsuite hostname="Veena-Manjunath" failures="0" tests="1" name="com.comCast.crm.orgtest.CreateOrganizationTest" time="24.269" errors="0" timestamp="2024-12-11T18:25:42 IST" skipped="0">
  <testcase classname="com.comCast.crm.orgtest.CreateOrganizationTest" name="createOrganazationTest" time="24.269"/>
</testsuite> <!-- com.comCast.crm.orgtest.CreateOrganizationTest -->
