<?xml version="1.0" encoding="UTF-8"?>
<!-- Generated by org.testng.reporters.JUnitReportReporter -->
<testsuite hostname="Veena-Manjunath" failures="0" tests="2" name="com.crm.comcast.creatContactTest.createContactTest" time="0.028" errors="0" timestamp="2024-11-26T12:53:57 IST" skipped="0">
  <testcase classname="com.crm.comcast.creatContactTest.createContactTest" name="craetecontact" time="0.013"/>
  <testcase classname="com.crm.comcast.creatContactTest.createContactTest" name="craetecontactWithSupportDate" time="0.015"/>
</testsuite> <!-- com.crm.comcast.creatContactTest.createContactTest -->
