<?xml version="1.0" encoding="UTF-8"?>
<!-- Generated by org.testng.reporters.JUnitReportReporter -->
<testsuite hostname="Veena-Manjunath" failures="0" tests="4" name="com.comCast.crm.documentstest.testscripts" time="70.923" errors="0" timestamp="2024-12-11T13:29:29 IST" skipped="0">
  <testcase classname="com.comCast.crm.documentstest.testscripts" name="createdocuments" time="18.433"/>
  <testcase classname="com.comCast.crm.documentstest.testscripts" name="createproduct" time="17.153"/>
  <testcase classname="com.comCast.crm.documentstest.testscripts" name="craeteleads" time="18.726"/>
  <testcase classname="com.comCast.crm.documentstest.testscripts" name="createvendor" time="16.611"/>
</testsuite> <!-- com.comCast.crm.documentstest.testscripts -->
