<?xml version="1.0" encoding="UTF-8"?>
<!-- Generated by org.testng.reporters.JUnitReportReporter -->
<testsuite hostname="Veena-Manjunath" failures="0" tests="3" name="com.comCast.crm.documentstest.SampleReoptTest" time="4.710" errors="0" timestamp="2024-12-10T18:10:20 IST" skipped="0">
  <testcase classname="com.comCast.crm.documentstest.SampleReoptTest" name="createContactTest" time="4.697"/>
  <testcase classname="com.comCast.crm.documentstest.SampleReoptTest" name="createContactWithOrg" time="0.004"/>
  <testcase classname="com.comCast.crm.documentstest.SampleReoptTest" name="createContactWithPhoneNumber" time="0.009"/>
</testsuite> <!-- com.comCast.crm.documentstest.SampleReoptTest -->
