<?xml version="1.0" encoding="UTF-8"?>
<!-- Generated by org.testng.reporters.JUnitReportReporter -->
<testsuite hostname="Veena-Manjunath" failures="0" tests="2" name="com.pac1.createContactTest" time="0.018" errors="0" timestamp="2024-11-26T11:33:41 IST" skipped="0">
  <testcase classname="com.pac1.createContactTest" name="craetecontactWithSupportDate" time="0.007"/>
  <testcase classname="com.pac1.createContactTest" name="craetecontact" time="0.011"/>
</testsuite> <!-- com.pac1.createContactTest -->
