<?xml version="1.0" encoding="UTF-8"?>
<!-- Generated by org.testng.reporters.JUnitReportReporter -->
<testsuite hostname="Veena-Manjunath" failures="0" tests="3" name="practiseTest.getProductInfoTest" time="39.546" errors="0" timestamp="2024-11-26T10:10:19 IST" skipped="0">
  <testcase classname="practiseTest.getProductInfoTest" name="getproductInfoTest" time="15.496"/>
  <testcase classname="practiseTest.getProductInfoTest" name="getproductInfoTest" time="12.397"/>
  <testcase classname="practiseTest.getProductInfoTest" name="getproductInfoTest" time="11.653"/>
</testsuite> <!-- practiseTest.getProductInfoTest -->
