<?xml version="1.0" encoding="UTF-8"?>
<!-- Generated by org.testng.reporters.JUnitReportReporter -->
<testsuite hostname="Veena-Manjunath" failures="0" tests="1" name="com.comCast.crm.vendortest.Retryanalazer" time="0.014" errors="0" timestamp="2024-12-04T16:02:09 IST" skipped="0">
  <testcase classname="com.comCast.crm.vendortest.Retryanalazer" name="activatesim" time="0.014"/>
</testsuite> <!-- com.comCast.crm.vendortest.Retryanalazer -->
